#
# A fatal error has been detected by the Java Runtime Environment:
#
#  EXCEPTION_ACCESS_VIOLATION (0xc0000005) at pc=0x00007ff846ce26c4, pid=19380, tid=17196
#
# JRE version: OpenJDK Runtime Environment (24.0.1+9) (build 24.0.1+9-30)
# Java VM: OpenJDK 64-Bit Server VM (24.0.1+9-30, mixed mode, emulated-client, sharing, tiered, compressed oops, compressed class ptrs, g1 gc, windows-amd64)
# Problematic frame:
# C  [libasyncProfiler.dll+0x926c4]
#
# No core dump will be written. Minidumps are not enabled by default on client versions of Windows
#
# JFR recording file will be written. Location: C:\Users\LENOVO\git\productService\hs_err_pid19380.jfr
#
# If you would like to submit a bug report, please visit:
#   https://bugreport.java.com/bugreport/crash.jsp
# The crash happened outside the Java Virtual Machine in native code.
# See problematic frame for where to report the bug.
#

---------------  S U M M A R Y ------------

Command Line: -XX:TieredStopAtLevel=1 -Dspring.output.ansi.enabled=always -Dcom.sun.management.jmxremote -Dspring.jmx.enabled=true -Dspring.liveBeansView.mbeanDomain -Dspring.application.admin.enabled=true -Dmanagement.endpoints.jmx.exposure.include=* -javaagent:C:\Program Files\JetBrains\IntelliJ IDEA 2025.1.2\lib\idea_rt.jar=63409 -Dfile.encoding=UTF-8 -Dsun.stdout.encoding=UTF-8 -Dsun.stderr.encoding=UTF-8 com.example.productService.ProductServiceApplication

Host: Intel(R) Core(TM) i3-1005G1 CPU @ 1.20GHz, 4 cores, 7G,  Windows 11 , 64 bit Build 26100 (10.0.26100.3912)
Time: Fri Jun 27 22:58:36 2025 India Standard Time elapsed time: 263.480926 seconds (0d 0h 4m 23s)

---------------  T H R E A D  ---------------

Current thread (0x00000276beea8eb0):  JavaThread "Attach Listener" daemon [_thread_in_native, id=17196, stack(0x0000008b77600000,0x0000008b77700000) (1024K)]

Stack: [0x0000008b77600000,0x0000008b77700000],  sp=0x0000008b776feec0,  free space=1019k
Native frames: (J=compiled Java code, j=interpreted, Vv=VM code, C=native code)
C  [libasyncProfiler.dll+0x926c4]  (no source info available)
C  [libasyncProfiler.dll+0x92b9b]  (no source info available)
C  [libasyncProfiler.dll+0x917f4]  (no source info available)
C  [libasyncProfiler.dll+0x9206a]  (no source info available)
C  [libasyncProfiler.dll+0x8cc21]  (no source info available)
C  [libasyncProfiler.dll+0x7e5e1]  (no source info available)
C  [libasyncProfiler.dll+0x7d2f8]  (no source info available)
C  [libasyncProfiler.dll+0x7d1e0]  (no source info available)
C  [libasyncProfiler.dll+0x841b9]  (no source info available)
V  [jvm.dll+0x57eff7]  (no source info available)
V  [jvm.dll+0x57fdac]  (no source info available)
V  [jvm.dll+0x14ca17]  (no source info available)
V  [jvm.dll+0x14dfe1]  (no source info available)
V  [jvm.dll+0x42f456]  (no source info available)
V  [jvm.dll+0x87d76b]  (no source info available)
V  [jvm.dll+0x72ee55]  (no source info available)
C  [ucrtbase.dll+0x37b0]  (no source info available)
C  [KERNEL32.DLL+0x2e8d7]  (no source info available)
C  [ntdll.dll+0x9c5dc]  (no source info available)


siginfo: EXCEPTION_ACCESS_VIOLATION (0xc0000005), reading address 0xffffffffffffffff


Registers:
RAX=0x0000000000000010, RBX=0x0000000000000000, RCX=0xffffffffffffffff, RDX=0x007ff83d76300010
RSP=0x0000008b776feec0, RBP=0x00000277056cd258, RSI=0x0000008b776ff030, RDI=0x00000277056cd258
R8 =0x0000000000000042, R9 =0x0000000083358248, R10=0x00007ff83d9d9fb0, R11=0x000000000000001c
R12=0x0000008b776ff030, R13=0x000002770577fc10, R14=0x00000276beea9278, R15=0x00000276beea9278
RIP=0x00007ff846ce26c4, EFLAGS=0x0000000000010202

XMM[0]=0x0000000000000000 0x0000000000000000
XMM[1]=0x0000000000000000 0x0000000000000000
XMM[2]=0x0000000000000000 0x0000000000000000
XMM[3]=0x0000000000000000 0x0000000000000000
XMM[4]=0x0000000000000000 0x0000000000000000
XMM[5]=0x0000000000000000 0x0000000000000000
XMM[6]=0x0000000000000000 0x0000000000000000
XMM[7]=0x0000000000000000 0x0000000000000000
XMM[8]=0x0000000000000000 0x0000000000000000
XMM[9]=0x0000000000000000 0x0000000000000000
XMM[10]=0x0000000000000000 0x0000000000000000
XMM[11]=0x0000000000000000 0x0000000000000000
XMM[12]=0x0000000000000000 0x0000000000000000
XMM[13]=0x0000000000000000 0x0000000000000000
XMM[14]=0x0000000000000000 0x0000000000000000
XMM[15]=0x0000000000000000 0x0000000000000000
  MXCSR=0x00001fa0


Register to memory mapping:

RAX=0x0000000000000010 is an unknown value
RBX=0x0 is null
RCX=0xffffffffffffffff is an unknown value
RDX=0x007ff83d76300010 is an unknown value
RSP=0x0000008b776feec0 is pointing into the stack for thread: 0x00000276beea8eb0
RBP=0x00000277056cd258 points into unknown readable memory: 0x0000000083358248 | 48 82 35 83 00 00 00 00
RSI=0x0000008b776ff030 is pointing into the stack for thread: 0x00000276beea8eb0
RDI=0x00000277056cd258 points into unknown readable memory: 0x0000000083358248 | 48 82 35 83 00 00 00 00
R8 =0x0000000000000042 is an unknown value
R9 =0x0000000083358248 is an oop: java.lang.ref.Reference$ReferenceHandler 
{0x0000000083358248} - klass: 'java/lang/ref/Reference$ReferenceHandler' - flags: 

 - ---- fields (total size 14 words):
 - 'threadLocalRandomProbe' 'I' @12  0 (0x00000000)
 - private volatile 'eetop' 'J' @16  2709032397984 (0x00000276bee9eca0)
 - private final 'tid' 'J' @24  13 (0x000000000000000d)
 - 'threadLocalRandomSeed' 'J' @32  0 (0x0000000000000000)
 - injected 'jvmti_thread_state' 'J' @40  2710222623920 (0x0000027705db54b0)
 - 'threadLocalRandomSecondarySeed' 'I' @48  0 (0x00000000)
 - injected 'jvmti_VTMS_transition_disable_count' 'I' @52  0 (0x00000000)
 - injected 'jfr_epoch' 'S' @56  0 (0x0000)
 - volatile 'interrupted' 'Z' @58  false (0x00)
 - injected 'jvmti_is_in_VTMS_transition' 'Z' @59  false (0x00)
 - private volatile 'name' 'Ljava/lang/String;' @60  "Reference Handler"{0x00000000ffe0a468} (0xffe0a468)
 - private volatile 'contextClassLoader' 'Ljava/lang/ClassLoader;' @64  null (0x00000000)
 - private final 'holder' 'Ljava/lang/Thread$FieldHolder;' @68  a 'java/lang/Thread$FieldHolder'{0x0000000083294920} (0x83294920)
 - 'threadLocals' 'Ljava/lang/ThreadLocal$ThreadLocalMap;' @72  null (0x00000000)
 - 'inheritableThreadLocals' 'Ljava/lang/ThreadLocal$ThreadLocalMap;' @76  null (0x00000000)
 - private 'scopedValueBindings' 'Ljava/lang/Object;' @80  a 'java/lang/Class'{0x00000000ffe7c258} = 'java/lang/Thread' (0xffe7c258)
 - final 'interruptLock' 'Ljava/lang/Object;' @84  a 'java/lang/Object'{0x0000000083294948} (0x83294948)
 - private volatile 'parkBlocker' 'Ljava/lang/Object;' @88  null (0x00000000)
 - private 'nioBlocker' 'Lsun/nio/ch/Interruptible;' @92  null (0x00000000)
 - private 'cont' 'Ljdk/internal/vm/Continuation;' @96  null (0x00000000)
 - private volatile 'uncaughtExceptionHandler' 'Ljava/lang/Thread$UncaughtExceptionHandler;' @100  null (0x00000000)
 - private 'container' 'Ljdk/internal/vm/ThreadContainer;' @104  null (0x00000000)
 - private volatile 'headStackableScopes' 'Ljdk/internal/vm/StackableScope;' @108  null (0x00000000)
R10=0x00007ff83d9d9fb0 jvm.dll
R11=0x000000000000001c is an unknown value
R12=0x0000008b776ff030 is pointing into the stack for thread: 0x00000276beea8eb0
R13=0x000002770577fc10 points into unknown readable memory: 0x00007ff83d94a510 | 10 a5 94 3d f8 7f 00 00
R14=0x00000276beea9278 points into unknown readable memory: 0x00007ff83d9417b0 | b0 17 94 3d f8 7f 00 00
R15=0x00000276beea9278 points into unknown readable memory: 0x00007ff83d9417b0 | b0 17 94 3d f8 7f 00 00

Top of Stack: (sp=0x0000008b776feec0)
0x0000008b776feec0:   0000008b776ff030 00000277056cd258   0.ow....X.l.w...
0x0000008b776feed0:   0000000000000000 00000276beea9600   ............v...
0x0000008b776feee0:   000000000000002d 00007ff846ce2b9b   -........+.F....
0x0000008b776feef0:   0000000000000000 00000276beea9278   ........x...v...
0x0000008b776fef00:   0000008b776ff001 0000000000000000   ..ow............
0x0000008b776fef10:   0000027705763f80 00007ff846ce17f4   .?v.w......F....
0x0000008b776fef20:   0000000000000000 000000000000002d   ........-.......
0x0000008b776fef30:   0000000000000000 000000000000002d   ........-.......
0x0000008b776fef40:   0000001f00000002 0000027705c18050   ........P...w...
0x0000008b776fef50:   0000027705763f80 0000027705764034   .?v.w...4@v.w...
0x0000008b776fef60:   000002770576407c 000000000000376c   |@v.w...l7......
0x0000008b776fef70:   0000000000000000 0000000000000000   ................
0x0000008b776fef80:   0000000000000000 00007ff83d1a57d4   .........W.=....
0x0000008b776fef90:   00007ff846e24ca0 0000000000004bb4   .L.F.....K......
0x0000008b776fefa0:   00007ff846e24ca0 00000000ffffffff   .L.F............
0x0000008b776fefb0:   0000000000000000 00007ff846ce206a   ........j .F....
0x0000008b776fefc0:   00000276beea9278 0000000000000000   x...v...........
0x0000008b776fefd0:   0000008b776ff039 000002770577fc10   9.ow......w.w...
0x0000008b776fefe0:   0000000000000004 0000000000000048   ........H.......
0x0000008b776feff0:   0000000800800310 0000000000000020   ........ .......
0x0000008b776ff000:   00000276beea9278 00007ff846e24ca0   x...v....L.F....
0x0000008b776ff010:   00000276beea26c0 0000027705db54b0   .&..v....T..w...
0x0000008b776ff020:   0000000800800390 00000276beea9278   ........x...v...
0x0000008b776ff030:   0000027707197190 0000027707197730   .q..w...0w..w...
0x0000008b776ff040:   0000027707197730 00007ff846e24ca0   0w..w....L.F....
0x0000008b776ff050:   0000027704150f08 0000008b776ff1c8   ....w.....ow....
0x0000008b776ff060:   0000008b776ff300 0000000000008840   ..ow....@.......
0x0000008b776ff070:   0000008b776ff4e0 00007ff846e24cf0   ..ow.....L.F....
0x0000008b776ff080:   0000000000989680 0000000000989680   ................
0x0000008b776ff090:   0000008b776ff1a0 00007ff846cdcc21   ..ow....!..F....
0x0000008b776ff0a0:   00007ff846e24ca0 00007ff846e24cf8   .L.F.....L.F....
0x0000008b776ff0b0:   00007ff800000000 00007ff800000001   ................

Instructions: (pc=0x00007ff846ce26c4)
  0x00007ff846ce25c4:   cc cc cc cc cc cc cc cc cc cc cc cc cc cc cc cc
  0x00007ff846ce25d4:   cc cc cc cc cc cc cc cc cc cc cc cc cc cc cc cc
  0x00007ff846ce25e4:   cc cc cc cc cc cc cc cc cc cc cc cc cc cc cc cc
  0x00007ff846ce25f4:   cc cc cc cc cc cc cc cc cc cc cc cc cc cc cc cc
  0x00007ff846ce2604:   cc cc cc cc cc cc cc cc cc cc cc cc cc cc cc cc
  0x00007ff846ce2614:   cc cc cc cc cc cc cc cc cc cc cc cc cc cc cc cc
  0x00007ff846ce2624:   cc cc cc cc cc cc cc cc cc cc cc cc cc cc cc cc
  0x00007ff846ce2634:   cc cc cc cc cc cc cc cc cc cc cc cc cc cc cc cc
  0x00007ff846ce2644:   cc cc cc cc cc cc cc cc cc cc cc cc 40 57 48 83
  0x00007ff846ce2654:   ec 20 48 8b f9 48 8b 0d 10 28 14 00 48 85 c9 74
  0x00007ff846ce2664:   20 48 8b 01 48 8d 54 24 38 41 b8 06 00 01 00 4c
  0x00007ff846ce2674:   8b 48 30 41 ff d1 85 c0 75 07 48 8b 4c 24 38 eb
  0x00007ff846ce2684:   02 33 c9 4c 8b 05 ea 28 14 00 48 89 5c 24 30 4d
  0x00007ff846ce2694:   85 c0 74 4a 48 8b 01 48 8b d7 4c 8b 88 28 03 00
  0x00007ff846ce26a4:   00 41 ff d1 48 85 c0 74 35 48 63 0d f8 e6 13 00
  0x00007ff846ce26b4:   48 8b 14 01 48 85 d2 74 15 48 63 05 fc e6 13 00
=>0x00007ff846ce26c4:   8b 04 10 48 8b 5c 24 30 48 83 c4 20 5f c3 b8 ff
  0x00007ff846ce26d4:   ff ff ff 48 8b 5c 24 30 48 83 c4 20 5f c3 80 3d
  0x00007ff846ce26e4:   9b 27 14 00 00 bb ff ff ff ff 74 20 4c 8b 0d 31
  0x00007ff846ce26f4:   24 14 00 4c 8d 44 24 38 48 8b 0d 15 24 14 00 48
  0x00007ff846ce2704:   8b d7 41 ff d1 85 c0 0f 44 5c 24 38 8b c3 48 8b
  0x00007ff846ce2714:   5c 24 30 48 83 c4 20 5f c3 cc cc cc cc cc cc cc
  0x00007ff846ce2724:   cc cc cc cc cc cc cc cc cc cc cc cc cc cc cc cc
  0x00007ff846ce2734:   cc cc cc cc cc cc cc cc cc cc cc cc cc cc cc cc
  0x00007ff846ce2744:   cc cc cc cc cc cc cc cc cc cc cc cc 48 89 54 24
  0x00007ff846ce2754:   10 53 55 56 57 41 56 41 57 48 83 ec 28 48 8b f2
  0x00007ff846ce2764:   4c 8b f1 48 89 4c 24 78 45 33 ff 44 89 7c 24 68
  0x00007ff846ce2774:   c7 44 24 60 01 00 00 00 48 8d 4c 24 68 e8 ed 42
  0x00007ff846ce2784:   f7 ff 8b d8 48 8d 4c 24 60 e8 e1 42 f7 ff 8b e8
  0x00007ff846ce2794:   49 8b ce e8 00 fc f6 ff 48 8b f8 90 8b c3 f0 0f
  0x00007ff846ce27a4:   b1 2f 74 04 f3 90 eb f4 4c 89 3e 4c 89 7e 08 4c
  0x00007ff846ce27b4:   89 7e 10 49 8b 6e 08 4d 8b 76 10 49 3b ee 0f 84


Stack slot to memory mapping:

stack at sp + 0 slots: 0x0000008b776ff030 is pointing into the stack for thread: 0x00000276beea8eb0
stack at sp + 1 slots: 0x00000277056cd258 points into unknown readable memory: 0x0000000083358248 | 48 82 35 83 00 00 00 00
stack at sp + 2 slots: 0x0 is null
stack at sp + 3 slots: 0x00000276beea9600 points into unknown readable memory: 0x6e616c2e6176616a | 6a 61 76 61 2e 6c 61 6e
stack at sp + 4 slots: 0x000000000000002d is an unknown value
stack at sp + 5 slots: 0x00007ff846ce2b9b libasyncProfiler.dll
stack at sp + 6 slots: 0x0 is null
stack at sp + 7 slots: 0x00000276beea9278 points into unknown readable memory: 0x00007ff83d9417b0 | b0 17 94 3d f8 7f 00 00

Lock stack of current Java thread (top to bottom):


---------------  P R O C E S S  ---------------

Threads class SMR info:
_java_thread_list=0x00000277062c48b0, length=34, elements={
0x00000276bee9eca0, 0x00000276beea4460, 0x00000276beea8380, 0x00000276beea8eb0,
0x00000276beeaa550, 0x00000276beeabd20, 0x00000276beead4f0, 0x00000277040f2270,
0x000002770433a550, 0x0000027704338650, 0x0000027704de51a0, 0x0000027704e52de0,
0x0000027704e8f9c0, 0x0000027704f2b7c0, 0x0000027704f2b070, 0x0000027704f29330,
0x0000027704f29a80, 0x0000027705beea20, 0x0000027705bf0760, 0x0000027705bef170,
0x0000027705bf0010, 0x0000027705bef8c0, 0x0000027705bf1d50, 0x0000027705bf1600,
0x0000027705bf0eb0, 0x0000027705c1b150, 0x0000027705c1b8a0, 0x0000027705c1bff0,
0x0000027705c1a2b0, 0x0000027705c1c740, 0x0000027705c19b60, 0x0000027705c1d5e0,
0x0000027705c1dd30, 0x0000027705c1ce90
}

Java Threads: ( => current thread )
  0x00000276bee9eca0 JavaThread "Reference Handler"          daemon [_thread_blocked, id=4424, stack(0x0000008b77300000,0x0000008b77400000) (1024K)]
  0x00000276beea4460 JavaThread "Finalizer"                  daemon [_thread_blocked, id=19884, stack(0x0000008b77400000,0x0000008b77500000) (1024K)]
  0x00000276beea8380 JavaThread "Signal Dispatcher"          daemon [_thread_blocked, id=22356, stack(0x0000008b77500000,0x0000008b77600000) (1024K)]
=>0x00000276beea8eb0 JavaThread "Attach Listener"            daemon [_thread_in_native, id=17196, stack(0x0000008b77600000,0x0000008b77700000) (1024K)]
  0x00000276beeaa550 JavaThread "Service Thread"             daemon [_thread_blocked, id=18860, stack(0x0000008b77700000,0x0000008b77800000) (1024K)]
  0x00000276beeabd20 JavaThread "Monitor Deflation Thread"   daemon [_thread_blocked, id=23748, stack(0x0000008b77800000,0x0000008b77900000) (1024K)]
  0x00000276beead4f0 JavaThread "C1 CompilerThread0"         daemon [_thread_blocked, id=23108, stack(0x0000008b77900000,0x0000008b77a00000) (1024K)]
  0x00000277040f2270 JavaThread "Common-Cleaner"             daemon [_thread_blocked, id=26204, stack(0x0000008b77b00000,0x0000008b77c00000) (1024K)]
  0x000002770433a550 JavaThread "Monitor Ctrl-Break"         daemon [_thread_in_native, id=9584, stack(0x0000008b77c00000,0x0000008b77d00000) (1024K)]
  0x0000027704338650 JavaThread "Notification Thread"        daemon [_thread_blocked, id=22120, stack(0x0000008b77d00000,0x0000008b77e00000) (1024K)]
  0x0000027704de51a0 JavaThread "RMI TCP Accept-0"           daemon [_thread_in_native, id=22852, stack(0x0000008b77f00000,0x0000008b78000000) (1024K)]
  0x0000027704e52de0 JavaThread "RMI Scheduler(0)"           daemon [_thread_blocked, id=15176, stack(0x0000008b78300000,0x0000008b78400000) (1024K)]
  0x0000027704e8f9c0 JavaThread "JMX server connection timeout 31" daemon [_thread_blocked, id=1200, stack(0x0000008b78400000,0x0000008b78500000) (1024K)]
  0x0000027704f2b7c0 JavaThread "Catalina-utility-1"                [_thread_blocked, id=11908, stack(0x0000008b78900000,0x0000008b78a00000) (1024K)]
  0x0000027704f2b070 JavaThread "Catalina-utility-2"                [_thread_blocked, id=16900, stack(0x0000008b78a00000,0x0000008b78b00000) (1024K)]
  0x0000027704f29330 JavaThread "container-0"                       [_thread_blocked, id=9864, stack(0x0000008b78b00000,0x0000008b78c00000) (1024K)]
  0x0000027704f29a80 JavaThread "File Watcher"               daemon [_thread_blocked, id=11940, stack(0x0000008b78c00000,0x0000008b78d00000) (1024K)]
  0x0000027705beea20 JavaThread "Live Reload Server"         daemon [_thread_in_native, id=10724, stack(0x0000008b78e00000,0x0000008b78f00000) (1024K)]
  0x0000027705bf0760 JavaThread "http-nio-8080-exec-1"       daemon [_thread_blocked, id=9028, stack(0x0000008b78d00000,0x0000008b78e00000) (1024K)]
  0x0000027705bef170 JavaThread "http-nio-8080-exec-2"       daemon [_thread_blocked, id=26576, stack(0x0000008b78f00000,0x0000008b79000000) (1024K)]
  0x0000027705bf0010 JavaThread "http-nio-8080-exec-3"       daemon [_thread_blocked, id=5388, stack(0x0000008b79000000,0x0000008b79100000) (1024K)]
  0x0000027705bef8c0 JavaThread "http-nio-8080-exec-4"       daemon [_thread_blocked, id=13420, stack(0x0000008b79100000,0x0000008b79200000) (1024K)]
  0x0000027705bf1d50 JavaThread "http-nio-8080-exec-5"       daemon [_thread_blocked, id=12960, stack(0x0000008b79200000,0x0000008b79300000) (1024K)]
  0x0000027705bf1600 JavaThread "http-nio-8080-exec-6"       daemon [_thread_blocked, id=6484, stack(0x0000008b79300000,0x0000008b79400000) (1024K)]
  0x0000027705bf0eb0 JavaThread "http-nio-8080-exec-7"       daemon [_thread_blocked, id=16996, stack(0x0000008b79400000,0x0000008b79500000) (1024K)]
  0x0000027705c1b150 JavaThread "http-nio-8080-exec-8"       daemon [_thread_blocked, id=21192, stack(0x0000008b79500000,0x0000008b79600000) (1024K)]
  0x0000027705c1b8a0 JavaThread "http-nio-8080-exec-9"       daemon [_thread_blocked, id=10764, stack(0x0000008b79600000,0x0000008b79700000) (1024K)]
  0x0000027705c1bff0 JavaThread "http-nio-8080-exec-10"      daemon [_thread_blocked, id=22052, stack(0x0000008b79700000,0x0000008b79800000) (1024K)]
  0x0000027705c1a2b0 JavaThread "http-nio-8080-Poller"       daemon [_thread_in_native, id=17044, stack(0x0000008b79800000,0x0000008b79900000) (1024K)]
  0x0000027705c1c740 JavaThread "http-nio-8080-Acceptor"     daemon [_thread_in_native, id=25440, stack(0x0000008b79900000,0x0000008b79a00000) (1024K)]
  0x0000027705c19b60 JavaThread "DestroyJavaVM"                     [_thread_blocked, id=7700, stack(0x0000008b76b00000,0x0000008b76c00000) (1024K)]
  0x0000027705c1d5e0 JavaThread "RMI TCP Connection(3)-192.168.29.191" daemon [_thread_in_native, id=20888, stack(0x0000008b78800000,0x0000008b78900000) (1024K)]
  0x0000027705c1dd30 JavaThread "JFR Recorder Thread"        daemon [_thread_in_native, id=17992, stack(0x0000008b76800000,0x0000008b76900000) (1024K)]
  0x0000027705c1ce90 JavaThread "JFR Periodic Tasks"         daemon [_thread_blocked, id=14188, stack(0x0000008b76900000,0x0000008b76a00000) (1024K)]
Total: 34

Other Threads:
  0x00000276bed48390 VMThread "VM Thread"                           [id=18592, stack(0x0000008b77200000,0x0000008b77300000) (1024K)]
  0x00000276bee82510 WatcherThread "VM Periodic Task Thread"        [id=20420, stack(0x0000008b77100000,0x0000008b77200000) (1024K)]
  0x00000276aea67070 WorkerThread "GC Thread#0"                     [id=12388, stack(0x0000008b76c00000,0x0000008b76d00000) (1024K)]
  0x00000276bed499b0 WorkerThread "GC Thread#1"                     [id=18568, stack(0x0000008b78200000,0x0000008b78300000) (1024K)]
  0x0000027704fde800 WorkerThread "GC Thread#2"                     [id=24424, stack(0x0000008b78500000,0x0000008b78600000) (1024K)]
  0x0000027704fdef60 WorkerThread "GC Thread#3"                     [id=24376, stack(0x0000008b78600000,0x0000008b78700000) (1024K)]
  0x00000276aea7d300 ConcurrentGCThread "G1 Main Marker"            [id=2924, stack(0x0000008b76d00000,0x0000008b76e00000) (1024K)]
  0x00000276aea7f3b0 WorkerThread "G1 Conc#0"                       [id=19508, stack(0x0000008b76e00000,0x0000008b76f00000) (1024K)]
  0x00000276bed3e130 ConcurrentGCThread "G1 Refine#0"               [id=7916, stack(0x0000008b76f00000,0x0000008b77000000) (1024K)]
  0x00000276bed405e0 ConcurrentGCThread "G1 Service"                [id=8884, stack(0x0000008b77000000,0x0000008b77100000) (1024K)]
Total: 10

Threads with active compile tasks:
Total: 0

VM state: not at safepoint (normal execution)

VM Mutex/Monitor currently owned by a thread: None

Heap address: 0x0000000083200000, size: 1998 MB, Compressed Oops mode: 32-bit

CDS archive(s) mapped at: [0x00000276bf000000-0x00000276bfd40000-0x00000276bfd40000), size 13893632, SharedBaseAddress: 0x00000276bf000000, ArchiveRelocationMode: 1.
Compressed class space mapped at: 0x00000276c0000000-0x0000027700000000, reserved size: 1073741824
UseCompressedClassPointers 1, UseCompactObjectHeaders 0
Narrow klass pointer bits 32, Max shift 3
Narrow klass base: 0x00000276bf000000, Narrow klass shift: 0
Encoding Range: [0x00000276bf000000 - 0x00000277bf000000), (4294967296 bytes)
Klass Range:    [0x00000276bf000000 - 0x0000027700000000), (1090519040 bytes)
Klass ID Range:  [8 - 1090519033) (1090519025)

GC Precious Log:
 CardTable entry size: 512
 Card Set container configuration: InlinePtr #cards 5 size 8 Array Of Cards #cards 10 size 36 Howl #buckets 4 coarsen threshold 1843 Howl Bitmap #cards 512 size 80 coarsen threshold 460 Card regions per heap region 1 cards per card region 2048
 CPUs: 4 total, 4 available
 Memory: 7987M
 Large Page Support: Disabled
 NUMA Support: Disabled
 Compressed Oops: Enabled (32-bit)
 Heap Region Size: 1M
 Heap Min Capacity: 8M
 Heap Initial Capacity: 126M
 Heap Max Capacity: 1998M
 Pre-touch: Disabled
 Parallel Workers: 4
 Concurrent Workers: 1
 Concurrent Refinement Workers: 4
 Periodic GC: Disabled

Heap:
 garbage-first heap   total reserved 2045952K, committed 51200K, used 41826K [0x0000000083200000, 0x0000000100000000)
  region size 1024K, 22 young (22528K), 3 survivors (3072K)
 Metaspace       used 42683K, committed 43392K, reserved 1114112K
  class space    used 5102K, committed 5440K, reserved 1048576K

Heap Regions: E=young(eden), S=young(survivor), O=old, HS=humongous(starts), HC=humongous(continues), CS=collection set, F=free, TAMS=top-at-mark-start, PB=parsable bottom
|   0|0x0000000083200000, 0x0000000083300000, 0x0000000083300000|100%| O|  |TAMS 0x0000000083200000| PB 0x0000000083200000| Untracked |  0
|   1|0x0000000083300000, 0x0000000083400000, 0x0000000083400000|100%| O|  |TAMS 0x0000000083300000| PB 0x0000000083300000| Untracked |  0
|   2|0x0000000083400000, 0x0000000083500000, 0x0000000083500000|100%| O|  |TAMS 0x0000000083400000| PB 0x0000000083400000| Untracked |  0
|   3|0x0000000083500000, 0x0000000083600000, 0x0000000083600000|100%| O|  |TAMS 0x0000000083500000| PB 0x0000000083500000| Untracked |  0
|   4|0x0000000083600000, 0x0000000083700000, 0x0000000083700000|100%| O|  |TAMS 0x0000000083600000| PB 0x0000000083600000| Untracked |  0
|   5|0x0000000083700000, 0x0000000083757b00, 0x0000000083800000| 34%| O|Cm|TAMS 0x0000000083700000| PB 0x0000000083700000| Complete |  0
|   6|0x0000000083800000, 0x0000000083900000, 0x0000000083900000|100%| O|  |TAMS 0x0000000083800000| PB 0x0000000083800000| Untracked |  0
|   7|0x0000000083900000, 0x0000000083a00000, 0x0000000083a00000|100%| O|  |TAMS 0x0000000083900000| PB 0x0000000083900000| Untracked |  0
|   8|0x0000000083a00000, 0x0000000083b00000, 0x0000000083b00000|100%| O|  |TAMS 0x0000000083a00000| PB 0x0000000083a00000| Untracked |  0
|   9|0x0000000083b00000, 0x0000000083c00000, 0x0000000083c00000|100%| O|  |TAMS 0x0000000083b00000| PB 0x0000000083b00000| Untracked |  0
|  10|0x0000000083c00000, 0x0000000083d00000, 0x0000000083d00000|100%| O|  |TAMS 0x0000000083c00000| PB 0x0000000083c00000| Untracked |  0
|  11|0x0000000083d00000, 0x0000000083e00000, 0x0000000083e00000|100%| O|  |TAMS 0x0000000083d00000| PB 0x0000000083d00000| Untracked |  0
|  12|0x0000000083e00000, 0x0000000083f00000, 0x0000000083f00000|100%| O|  |TAMS 0x0000000083e00000| PB 0x0000000083e00000| Untracked |  0
|  13|0x0000000083f00000, 0x0000000084000000, 0x0000000084000000|100%| O|  |TAMS 0x0000000083f00000| PB 0x0000000083f00000| Untracked |  0
|  14|0x0000000084000000, 0x0000000084100000, 0x0000000084100000|100%| O|  |TAMS 0x0000000084000000| PB 0x0000000084000000| Untracked |  0
|  15|0x0000000084100000, 0x0000000084200000, 0x0000000084200000|100%| O|  |TAMS 0x0000000084100000| PB 0x0000000084100000| Untracked |  0
|  16|0x0000000084200000, 0x0000000084300000, 0x0000000084300000|100%| O|  |TAMS 0x0000000084200000| PB 0x0000000084200000| Untracked |  0
|  17|0x0000000084300000, 0x0000000084400000, 0x0000000084400000|100%| O|  |TAMS 0x0000000084300000| PB 0x0000000084300000| Untracked |  0
|  18|0x0000000084400000, 0x0000000084500000, 0x0000000084500000|100%| O|  |TAMS 0x0000000084400000| PB 0x0000000084400000| Untracked |  0
|  19|0x0000000084500000, 0x0000000084600000, 0x0000000084600000|100%| O|  |TAMS 0x0000000084500000| PB 0x0000000084500000| Untracked |  0
|  20|0x0000000084600000, 0x0000000084681090, 0x0000000084700000| 50%| O|  |TAMS 0x0000000084600000| PB 0x0000000084600000| Untracked |  0
|  21|0x0000000084700000, 0x0000000084700000, 0x0000000084800000|  0%| F|  |TAMS 0x0000000084700000| PB 0x0000000084700000| Untracked |  0
|  22|0x0000000084800000, 0x0000000084800000, 0x0000000084900000|  0%| F|  |TAMS 0x0000000084800000| PB 0x0000000084800000| Untracked |  0
|  23|0x0000000084900000, 0x0000000084900000, 0x0000000084a00000|  0%| F|  |TAMS 0x0000000084900000| PB 0x0000000084900000| Untracked |  0
|  24|0x0000000084a00000, 0x0000000084b00000, 0x0000000084b00000|100%| S|CS|TAMS 0x0000000084a00000| PB 0x0000000084a00000| Complete |  0
|  25|0x0000000084b00000, 0x0000000084c00000, 0x0000000084c00000|100%| S|CS|TAMS 0x0000000084b00000| PB 0x0000000084b00000| Complete |  0
|  26|0x0000000084c00000, 0x0000000084d00000, 0x0000000084d00000|100%| S|CS|TAMS 0x0000000084c00000| PB 0x0000000084c00000| Complete |  0
|  27|0x0000000084d00000, 0x0000000084d00000, 0x0000000084e00000|  0%| F|  |TAMS 0x0000000084d00000| PB 0x0000000084d00000| Untracked |  0
|  28|0x0000000084e00000, 0x0000000084e00000, 0x0000000084f00000|  0%| F|  |TAMS 0x0000000084e00000| PB 0x0000000084e00000| Untracked |  0
|  29|0x0000000084f00000, 0x0000000084f00000, 0x0000000085000000|  0%| F|  |TAMS 0x0000000084f00000| PB 0x0000000084f00000| Untracked |  0
|  30|0x0000000085000000, 0x000000008509b7b0, 0x0000000085100000| 60%| E|  |TAMS 0x0000000085000000| PB 0x0000000085000000| Complete |  0
|  31|0x0000000085100000, 0x0000000085200000, 0x0000000085200000|100%| E|  |TAMS 0x0000000085100000| PB 0x0000000085100000| Complete |  0
|  32|0x0000000085200000, 0x0000000085300000, 0x0000000085300000|100%| E|CS|TAMS 0x0000000085200000| PB 0x0000000085200000| Complete |  0
|  33|0x0000000085300000, 0x0000000085400000, 0x0000000085400000|100%| E|CS|TAMS 0x0000000085300000| PB 0x0000000085300000| Complete |  0
|  34|0x0000000085400000, 0x0000000085500000, 0x0000000085500000|100%| E|CS|TAMS 0x0000000085400000| PB 0x0000000085400000| Complete |  0
|  35|0x0000000085500000, 0x0000000085600000, 0x0000000085600000|100%| E|CS|TAMS 0x0000000085500000| PB 0x0000000085500000| Complete |  0
|  36|0x0000000085600000, 0x0000000085700000, 0x0000000085700000|100%| E|CS|TAMS 0x0000000085600000| PB 0x0000000085600000| Complete |  0
|  37|0x0000000085700000, 0x0000000085800000, 0x0000000085800000|100%| E|CS|TAMS 0x0000000085700000| PB 0x0000000085700000| Complete |  0
|  38|0x0000000085800000, 0x0000000085900000, 0x0000000085900000|100%| E|CS|TAMS 0x0000000085800000| PB 0x0000000085800000| Complete |  0
|  39|0x0000000085900000, 0x0000000085a00000, 0x0000000085a00000|100%| E|CS|TAMS 0x0000000085900000| PB 0x0000000085900000| Complete |  0
|  89|0x0000000088b00000, 0x0000000088c00000, 0x0000000088c00000|100%| E|CS|TAMS 0x0000000088b00000| PB 0x0000000088b00000| Complete |  0
|  90|0x0000000088c00000, 0x0000000088d00000, 0x0000000088d00000|100%| E|CS|TAMS 0x0000000088c00000| PB 0x0000000088c00000| Complete |  0
|  91|0x0000000088d00000, 0x0000000088e00000, 0x0000000088e00000|100%| E|CS|TAMS 0x0000000088d00000| PB 0x0000000088d00000| Complete |  0
|  92|0x0000000088e00000, 0x0000000088f00000, 0x0000000088f00000|100%| E|CS|TAMS 0x0000000088e00000| PB 0x0000000088e00000| Complete |  0
|  93|0x0000000088f00000, 0x0000000089000000, 0x0000000089000000|100%| E|CS|TAMS 0x0000000088f00000| PB 0x0000000088f00000| Complete |  0
|  94|0x0000000089000000, 0x0000000089100000, 0x0000000089100000|100%| E|CS|TAMS 0x0000000089000000| PB 0x0000000089000000| Complete |  0
|  95|0x0000000089100000, 0x0000000089200000, 0x0000000089200000|100%| E|CS|TAMS 0x0000000089100000| PB 0x0000000089100000| Complete |  0
| 125|0x000000008af00000, 0x000000008b000000, 0x000000008b000000|100%| E|CS|TAMS 0x000000008af00000| PB 0x000000008af00000| Complete |  0
|1996|0x00000000ffe00000, 0x00000000fff00000, 0x00000000fff00000|100%| O|  |TAMS 0x00000000ffe00000| PB 0x00000000ffe00000| Untracked |  0
|1997|0x00000000fff00000, 0x0000000100000000, 0x0000000100000000|100%| E|CS|TAMS 0x00000000fff00000| PB 0x00000000fff00000| Complete |  0

Card table byte_map: [0x00000276ba6a0000,0x00000276baa90000] _byte_map_base: 0x00000276ba287000

Marking Bits: (CMBitMap*) 0x00000276aea682a0
 Bits: [0x00000276baa90000, 0x00000276bc9c8000)

Polling page: 0x00000276ae150000

Metaspace:

Usage:
  Non-class:     36.70 MB used.
      Class:      4.98 MB used.
       Both:     41.68 MB used.

Virtual space:
  Non-class space:       64.00 MB reserved,      37.06 MB ( 58%) committed,  1 nodes.
      Class space:        1.00 GB reserved,       5.31 MB ( <1%) committed,  1 nodes.
             Both:        1.06 GB reserved,      42.38 MB (  4%) committed. 

Chunk freelists:
   Non-Class:  10.42 MB
       Class:  10.68 MB
        Both:  21.10 MB

MaxMetaspaceSize: unlimited
CompressedClassSpaceSize: 1.00 GB
Initial GC threshold: 21.00 MB
Current GC threshold: 58.88 MB
CDS: on
 - commit_granule_bytes: 65536.
 - commit_granule_words: 8192.
 - virtual_space_node_default_size: 8388608.
 - enlarge_chunks_in_place: 1.
UseCompressedClassPointers 1, UseCompactObjectHeaders 0
Narrow klass pointer bits 32, Max shift 3
Narrow klass base: 0x00000276bf000000, Narrow klass shift: 0
Encoding Range: [0x00000276bf000000 - 0x00000277bf000000), (4294967296 bytes)
Klass Range:    [0x00000276bf000000 - 0x0000027700000000), (1090519040 bytes)
Klass ID Range:  [8 - 1090519033) (1090519025)


Internal statistics:

num_allocs_failed_limit: 6.
num_arena_births: 882.
num_arena_deaths: 6.
num_vsnodes_births: 2.
num_vsnodes_deaths: 0.
num_space_committed: 678.
num_space_uncommitted: 0.
num_chunks_returned_to_freelist: 12.
num_chunks_taken_from_freelist: 2263.
num_chunk_merges: 6.
num_chunk_splits: 1509.
num_chunks_enlarged: 1071.
num_inconsistent_stats: 0.

CodeCache: size=49152Kb used=9468Kb max_used=9468Kb free=39683Kb
 bounds [0x00000276b72b0000, 0x00000276b7bf0000, 0x00000276ba2b0000]
 total_blobs=7237, nmethods=6587, adapters=574, full_count=0
Compilation: enabled, stopped_count=0, restarted_count=0

Compilation events (20 events):
Event: 263.420 Thread 0x00000276beead4f0 6627       1       jdk.jfr.internal.Control::getLastValue (5 bytes)
Event: 263.420 Thread 0x00000276beead4f0 nmethod 6627 0x00000276b7becc08 code [0x00000276b7becd00, 0x00000276b7becdc8]
Event: 263.420 Thread 0x00000276beead4f0 6629       1       jdk.jfr.internal.Logger::shouldLog (17 bytes)
Event: 263.420 Thread 0x00000276beead4f0 nmethod 6629 0x00000276b7bed208 code [0x00000276b7bed320, 0x00000276b7bed3e8]
Event: 263.420 Thread 0x00000276beead4f0 6628       1       jdk.jfr.internal.settings.BooleanSetting::getValue (5 bytes)
Event: 263.420 Thread 0x00000276beead4f0 nmethod 6628 0x00000276b7bed508 code [0x00000276b7bed600, 0x00000276b7bed6c8]
Event: 263.420 Thread 0x00000276beead4f0 6635   !   1       jdk.jfr.internal.Control::setValue (102 bytes)
Event: 263.420 Thread 0x00000276beead4f0 nmethod 6635 0x00000276b7bed808 code [0x00000276b7beda00, 0x00000276b7bee070]
Event: 263.420 Thread 0x00000276beead4f0 6634       1       jdk.jfr.internal.PlatformEventType::isEnabled (5 bytes)
Event: 263.421 Thread 0x00000276beead4f0 nmethod 6634 0x00000276b7bee108 code [0x00000276b7bee200, 0x00000276b7bee2c8]
Event: 263.421 Thread 0x00000276beead4f0 6631       1       jdk.jfr.internal.EventControl::getEventType (5 bytes)
Event: 263.421 Thread 0x00000276beead4f0 nmethod 6631 0x00000276b7bee408 code [0x00000276b7bee500, 0x00000276b7bee5c8]
Event: 263.421 Thread 0x00000276beead4f0 6632       1       jdk.jfr.internal.EventControl::getSettingsId (5 bytes)
Event: 263.421 Thread 0x00000276beead4f0 nmethod 6632 0x00000276b7bee708 code [0x00000276b7bee800, 0x00000276b7bee8c8]
Event: 263.421 Thread 0x00000276beead4f0 6633       1       jdk.jfr.internal.EventControl::getNamedControls (5 bytes)
Event: 263.421 Thread 0x00000276beead4f0 nmethod 6633 0x00000276b7beea08 code [0x00000276b7beeb00, 0x00000276b7beebc8]
Event: 263.425 Thread 0x00000276beead4f0 6636       1       jdk.jfr.internal.periodic.EventTask::getEventType (5 bytes)
Event: 263.425 Thread 0x00000276beead4f0 nmethod 6636 0x00000276b7beed08 code [0x00000276b7beee00, 0x00000276b7beeec8]
Event: 263.425 Thread 0x00000276beead4f0 6637       1       jdk.jfr.internal.periodic.PeriodicTask::getPeriod (5 bytes)
Event: 263.426 Thread 0x00000276beead4f0 nmethod 6637 0x00000276b7bef008 code [0x00000276b7bef100, 0x00000276b7bef1c8]

GC Heap History (18 events):
Event: 2.294 GC heap before
{Heap before GC invocations=0 (full 0):
 garbage-first heap   total reserved 2045952K, committed 131072K, used 29808K [0x0000000083200000, 0x0000000100000000)
  region size 1024K, 28 young (28672K), 0 survivors (0K)
 Metaspace       used 7670K, committed 7936K, reserved 1114112K
  class space    used 777K, committed 896K, reserved 1048576K
}
Event: 2.300 GC heap after
{Heap after GC invocations=1 (full 0):
 garbage-first heap   total reserved 2045952K, committed 131072K, used 6609K [0x0000000083200000, 0x0000000100000000)
  region size 1024K, 4 young (4096K), 4 survivors (4096K)
 Metaspace       used 7670K, committed 7936K, reserved 1114112K
  class space    used 777K, committed 896K, reserved 1048576K
}
Event: 4.390 GC heap before
{Heap before GC invocations=1 (full 0):
 garbage-first heap   total reserved 2045952K, committed 131072K, used 57809K [0x0000000083200000, 0x0000000100000000)
  region size 1024K, 55 young (56320K), 4 survivors (4096K)
 Metaspace       used 18933K, committed 19200K, reserved 1114112K
  class space    used 2128K, committed 2240K, reserved 1048576K
}
Event: 4.399 GC heap after
{Heap after GC invocations=2 (full 0):
 garbage-first heap   total reserved 2045952K, committed 131072K, used 11065K [0x0000000083200000, 0x0000000100000000)
  region size 1024K, 5 young (5120K), 5 survivors (5120K)
 Metaspace       used 18933K, committed 19200K, reserved 1114112K
  class space    used 2128K, committed 2240K, reserved 1048576K
}
Event: 6.381 GC heap before
{Heap before GC invocations=2 (full 0):
 garbage-first heap   total reserved 2045952K, committed 131072K, used 40761K [0x0000000083200000, 0x0000000100000000)
  region size 1024K, 35 young (35840K), 5 survivors (5120K)
 Metaspace       used 21187K, committed 21504K, reserved 1114112K
  class space    used 2365K, committed 2496K, reserved 1048576K
}
Event: 6.389 GC heap after
{Heap after GC invocations=3 (full 0):
 garbage-first heap   total reserved 2045952K, committed 131072K, used 12928K [0x0000000083200000, 0x0000000100000000)
  region size 1024K, 7 young (7168K), 7 survivors (7168K)
 Metaspace       used 21187K, committed 21504K, reserved 1114112K
  class space    used 2365K, committed 2496K, reserved 1048576K
}
Event: 7.376 GC heap before
{Heap before GC invocations=4 (full 0):
 garbage-first heap   total reserved 2045952K, committed 51200K, used 36480K [0x0000000083200000, 0x0000000100000000)
  region size 1024K, 30 young (30720K), 7 survivors (7168K)
 Metaspace       used 24232K, committed 24704K, reserved 1114112K
  class space    used 2761K, committed 2944K, reserved 1048576K
}
Event: 7.385 GC heap after
{Heap after GC invocations=5 (full 0):
 garbage-first heap   total reserved 2045952K, committed 51200K, used 14900K [0x0000000083200000, 0x0000000100000000)
  region size 1024K, 3 young (3072K), 3 survivors (3072K)
 Metaspace       used 24232K, committed 24704K, reserved 1114112K
  class space    used 2761K, committed 2944K, reserved 1048576K
}
Event: 8.805 GC heap before
{Heap before GC invocations=5 (full 0):
 garbage-first heap   total reserved 2045952K, committed 51200K, used 35380K [0x0000000083200000, 0x0000000100000000)
  region size 1024K, 24 young (24576K), 3 survivors (3072K)
 Metaspace       used 27308K, committed 27776K, reserved 1114112K
  class space    used 3149K, committed 3328K, reserved 1048576K
}
Event: 8.810 GC heap after
{Heap after GC invocations=6 (full 0):
 garbage-first heap   total reserved 2045952K, committed 51200K, used 16734K [0x0000000083200000, 0x0000000100000000)
  region size 1024K, 2 young (2048K), 2 survivors (2048K)
 Metaspace       used 27308K, committed 27776K, reserved 1114112K
  class space    used 3149K, committed 3328K, reserved 1048576K
}
Event: 9.937 GC heap before
{Heap before GC invocations=6 (full 0):
 garbage-first heap   total reserved 2045952K, committed 51200K, used 39262K [0x0000000083200000, 0x0000000100000000)
  region size 1024K, 24 young (24576K), 2 survivors (2048K)
 Metaspace       used 30380K, committed 30912K, reserved 1114112K
  class space    used 3559K, committed 3776K, reserved 1048576K
}
Event: 9.943 GC heap after
{Heap after GC invocations=7 (full 0):
 garbage-first heap   total reserved 2045952K, committed 51200K, used 19429K [0x0000000083200000, 0x0000000100000000)
  region size 1024K, 3 young (3072K), 3 survivors (3072K)
 Metaspace       used 30380K, committed 30912K, reserved 1114112K
  class space    used 3559K, committed 3776K, reserved 1048576K
}
Event: 10.743 GC heap before
{Heap before GC invocations=7 (full 0):
 garbage-first heap   total reserved 2045952K, committed 51200K, used 40933K [0x0000000083200000, 0x0000000100000000)
  region size 1024K, 24 young (24576K), 3 survivors (3072K)
 Metaspace       used 32356K, committed 32896K, reserved 1114112K
  class space    used 3880K, committed 4096K, reserved 1048576K
}
Event: 10.748 GC heap after
{Heap after GC invocations=8 (full 0):
 garbage-first heap   total reserved 2045952K, committed 51200K, used 20924K [0x0000000083200000, 0x0000000100000000)
  region size 1024K, 2 young (2048K), 2 survivors (2048K)
 Metaspace       used 32356K, committed 32896K, reserved 1114112K
  class space    used 3880K, committed 4096K, reserved 1048576K
}
Event: 13.507 GC heap before
{Heap before GC invocations=8 (full 0):
 garbage-first heap   total reserved 2045952K, committed 51200K, used 38332K [0x0000000083200000, 0x0000000100000000)
  region size 1024K, 21 young (21504K), 2 survivors (2048K)
 Metaspace       used 35474K, committed 36096K, reserved 1114112K
  class space    used 4302K, committed 4608K, reserved 1048576K
}
Event: 13.512 GC heap after
{Heap after GC invocations=9 (full 0):
 garbage-first heap   total reserved 2045952K, committed 51200K, used 22210K [0x0000000083200000, 0x0000000100000000)
  region size 1024K, 2 young (2048K), 2 survivors (2048K)
 Metaspace       used 35474K, committed 36096K, reserved 1114112K
  class space    used 4302K, committed 4608K, reserved 1048576K
}
Event: 64.339 GC heap before
{Heap before GC invocations=10 (full 0):
 garbage-first heap   total reserved 2045952K, committed 51200K, used 41666K [0x0000000083200000, 0x0000000100000000)
  region size 1024K, 22 young (22528K), 2 survivors (2048K)
 Metaspace       used 41677K, committed 42304K, reserved 1114112K
  class space    used 4971K, committed 5248K, reserved 1048576K
}
Event: 64.353 GC heap after
{Heap after GC invocations=11 (full 0):
 garbage-first heap   total reserved 2045952K, committed 51200K, used 24418K [0x0000000083200000, 0x0000000100000000)
  region size 1024K, 3 young (3072K), 3 survivors (3072K)
 Metaspace       used 41677K, committed 42304K, reserved 1114112K
  class space    used 4971K, committed 5248K, reserved 1048576K
}

Dll operation events (12 events):
Event: 0.030 Loaded shared library C:\Users\LENOVO\.jdks\openjdk-24.0.1\bin\java.dll
Event: 0.164 Loaded shared library C:\Users\LENOVO\.jdks\openjdk-24.0.1\bin\zip.dll
Event: 0.170 Loaded shared library C:\Users\LENOVO\.jdks\openjdk-24.0.1\bin\instrument.dll
Event: 0.176 Loaded shared library C:\Users\LENOVO\.jdks\openjdk-24.0.1\bin\net.dll
Event: 0.178 Loaded shared library C:\Users\LENOVO\.jdks\openjdk-24.0.1\bin\nio.dll
Event: 0.182 Loaded shared library C:\Users\LENOVO\.jdks\openjdk-24.0.1\bin\zip.dll
Event: 0.893 Loaded shared library C:\Users\LENOVO\.jdks\openjdk-24.0.1\bin\jimage.dll
Event: 0.990 Loaded shared library C:\Users\LENOVO\.jdks\openjdk-24.0.1\bin\extnet.dll
Event: 1.073 Loaded shared library C:\Users\LENOVO\.jdks\openjdk-24.0.1\bin\management.dll
Event: 1.127 Loaded shared library C:\Users\LENOVO\.jdks\openjdk-24.0.1\bin\management_ext.dll
Event: 4.237 Loaded shared library C:\Users\LENOVO\.jdks\openjdk-24.0.1\bin\sunmscapi.dll
Event: 263.024 Loaded shared library C:\Users\LENOVO\AppData\Local\Temp\idea_libasyncProfiler_dll_temp_folder\libasyncProfiler.dll

Deoptimization events (8 events):
Event: 13.944 Thread 0x0000027705c1d5e0 DEOPT PACKING pc=0x00000276b7b6251c sp=0x0000008b788fed50
Event: 13.944 Thread 0x0000027705c1d5e0 DEOPT UNPACKING pc=0x00000276b7306642 sp=0x0000008b788fe1e8 mode 0
Event: 33.511 Thread 0x0000027704e23810 DEOPT PACKING pc=0x00000276b7b6251c sp=0x0000008b780fef40
Event: 33.511 Thread 0x0000027704e23810 DEOPT UNPACKING pc=0x00000276b7306642 sp=0x0000008b780fe3d8 mode 0
Event: 33.512 Thread 0x0000027705c1dd30 DEOPT PACKING pc=0x00000276b7b6251c sp=0x0000008b79bfeda0
Event: 33.512 Thread 0x0000027705c1dd30 DEOPT UNPACKING pc=0x00000276b7306642 sp=0x0000008b79bfe238 mode 0
Event: 33.513 Thread 0x0000027704e1af90 DEOPT PACKING pc=0x00000276b7b6251c sp=0x0000008b781fef90
Event: 33.513 Thread 0x0000027704e1af90 DEOPT UNPACKING pc=0x00000276b7306642 sp=0x0000008b781fe428 mode 0

Classes loaded (20 events):
Event: 263.395 Loading class jdk/jfr/internal/MetadataWriter
Event: 263.395 Loading class jdk/jfr/internal/MetadataWriter done
Event: 263.395 Loading class jdk/jfr/internal/MetadataDescriptor$Element
Event: 263.395 Loading class jdk/jfr/internal/MetadataDescriptor$Element done
Event: 263.396 Loading class jdk/jfr/internal/MetadataDescriptor$Attribute
Event: 263.396 Loading class jdk/jfr/internal/MetadataDescriptor$Attribute done
Event: 263.403 Loading class jdk/jfr/internal/consumer/StringParser$Encoding
Event: 263.403 Loading class jdk/jfr/internal/consumer/StringParser$Encoding done
Event: 263.412 Loading class jdk/jfr/internal/consumer/RepositoryFiles
Event: 263.413 Loading class jdk/jfr/internal/consumer/RepositoryFiles done
Event: 263.417 Loading class jdk/jfr/internal/SettingsManager$InternalSetting
Event: 263.417 Loading class jdk/jfr/internal/SettingsManager$InternalSetting done
Event: 263.418 Loading class jdk/jfr/internal/util/Rate
Event: 263.419 Loading class jdk/jfr/internal/util/Rate done
Event: 263.419 Loading class jdk/jfr/internal/util/TimespanUnit
Event: 263.419 Loading class jdk/jfr/internal/util/TimespanUnit done
Event: 263.419 Loading class jdk/jfr/internal/util/ValueParser
Event: 263.419 Loading class jdk/jfr/internal/util/ValueParser done
Event: 263.420 Loading class jdk/jfr/internal/periodic/PeriodicType
Event: 263.420 Loading class jdk/jfr/internal/periodic/PeriodicType done

Classes unloaded (3 events):
Event: 6.406 Thread 0x00000276bed48390 Unloading class 0x00000276c008c800 'java/lang/invoke/LambdaForm$MH+0x00000276c008c800'
Event: 6.406 Thread 0x00000276bed48390 Unloading class 0x00000276c008c000 'java/lang/invoke/LambdaForm$DMH+0x00000276c008c000'
Event: 6.406 Thread 0x00000276bed48390 Unloading class 0x00000276c0084400 'java/lang/invoke/LambdaForm$MH+0x00000276c0084400'

Classes redefined (0 events):
No events

Internal exceptions (20 events):
Event: 12.893 Thread 0x0000027705bf0760 Exception <a 'java/lang/NoSuchMethodError'{0x000000008531e1f0}: 'java.lang.Object java.lang.invoke.DirectMethodHandle$Holder.invokeSpecial(java.lang.Object, java.lang.Object, java.lang.Object, java.lang.Object, java.lang.Object, long)'> (0x000000008531e1f0) 
thrown [s\open\src\hotspot\share\interpreter\linkResolver.cpp, line 805]
Event: 12.894 Thread 0x0000027705bf0760 Exception <a 'java/lang/NoSuchMethodError'{0x0000000085326ba8}: 'java.lang.Object java.lang.invoke.DirectMethodHandle$Holder.invokeSpecial(java.lang.Object, java.lang.Object, java.lang.Object, java.lang.Object, java.lang.Object, java.lang.Object, long)'> (0x0000000085326ba8) 
thrown [s\open\src\hotspot\share\interpreter\linkResolver.cpp, line 805]
Event: 12.895 Thread 0x0000027705bf0760 Exception <a 'java/lang/NoSuchMethodError'{0x000000008532eff0}: 'java.lang.Object java.lang.invoke.DelegatingMethodHandle$Holder.reinvoke_L(java.lang.Object, java.lang.Object, java.lang.Object, java.lang.Object, java.lang.Object, long)'> (0x000000008532eff0) 
thrown [s\open\src\hotspot\share\interpreter\linkResolver.cpp, line 805]
Event: 12.895 Thread 0x0000027705bf0760 Exception <a 'java/lang/NoSuchMethodError'{0x000000008533f3f0}: 'java.lang.Object java.lang.invoke.Invokers$Holder.linkToTargetMethod(java.lang.Object, java.lang.Object, java.lang.Object, long, java.lang.Object)'> (0x000000008533f3f0) 
thrown [s\open\src\hotspot\share\interpreter\linkResolver.cpp, line 805]
Event: 13.409 Thread 0x0000027705bf0760 Exception <a 'java/lang/NoSuchMethodError'{0x0000000085144c18}: 'int java.lang.invoke.DirectMethodHandle$Holder.invokeVirtual(java.lang.Object, java.lang.Object, java.lang.Object)'> (0x0000000085144c18) 
thrown [s\open\src\hotspot\share\interpreter\linkResolver.cpp, line 805]
Event: 13.483 Thread 0x0000027705bf0760 Exception <a 'java/lang/NoSuchMethodError'{0x0000000085060070}: 'java.lang.Object java.lang.invoke.DirectMethodHandle$Holder.invokeVirtual(java.lang.Object, java.lang.Object, int)'> (0x0000000085060070) 
thrown [s\open\src\hotspot\share\interpreter\linkResolver.cpp, line 805]
Event: 13.772 Thread 0x0000027705bf0760 Exception <a 'sun/nio/fs/WindowsException'{0x00000000fffc1ce0}> (0x00000000fffc1ce0) 
thrown [s\open\src\hotspot\share\prims\jni.cpp, line 518]
Event: 18.243 Thread 0x0000027705bf0760 Exception <a 'java/lang/NoSuchMethodError'{0x0000000085475788}: 'java.lang.Object java.lang.invoke.Invokers$Holder.invoke_MT(java.lang.Object, java.lang.Object, java.lang.Object, java.lang.Object, java.lang.Object, java.lang.Object)'> (0x0000000085475788) 
thrown [s\open\src\hotspot\share\interpreter\linkResolver.cpp, line 805]
Event: 18.381 Thread 0x0000027705bf0760 Exception <a 'java/lang/NoSuchMethodError'{0x00000000853e5430}: 'double java.lang.invoke.DirectMethodHandle$Holder.invokeVirtual(java.lang.Object, java.lang.Object)'> (0x00000000853e5430) 
thrown [s\open\src\hotspot\share\interpreter\linkResolver.cpp, line 805]
Event: 29.537 Thread 0x0000027705bf0010 Exception <a 'java/lang/NoSuchMethodError'{0x00000000852b5f80}: 'java.lang.Object java.lang.invoke.DirectMethodHandle$Holder.invokeStatic(java.lang.Object, int, int)'> (0x00000000852b5f80) 
thrown [s\open\src\hotspot\share\interpreter\linkResolver.cpp, line 805]
Event: 29.548 Thread 0x0000027705bf0010 Exception <a 'java/io/IOException'{0x00000000852dcda8}> (0x00000000852dcda8) 
thrown [s\open\src\hotspot\share\prims\jni.cpp, line 518]
Event: 53.455 Thread 0x0000027705bf1d50 Exception <a 'java/io/IOException'{0x00000000850d32b8}> (0x00000000850d32b8) 
thrown [s\open\src\hotspot\share\prims\jni.cpp, line 518]
Event: 63.058 Thread 0x0000027705bf0eb0 Exception <a 'java/io/IOException'{0x0000000084ddeaf0}> (0x0000000084ddeaf0) 
thrown [s\open\src\hotspot\share\prims\jni.cpp, line 518]
Event: 65.691 Thread 0x0000027705c1b150 Exception <a 'java/io/IOException'{0x00000000fff3fdd8}> (0x00000000fff3fdd8) 
thrown [s\open\src\hotspot\share\prims\jni.cpp, line 518]
Event: 263.378 Thread 0x00000276beea8eb0 Exception <a 'java/lang/NoSuchMethodError'{0x00000000854e2be8}: 'void java.lang.invoke.DirectMethodHandle$Holder.invokeSpecial(java.lang.Object, java.lang.Object, int)'> (0x00000000854e2be8) 
thrown [s\open\src\hotspot\share\interpreter\linkResolver.cpp, line 805]
Event: 263.378 Thread 0x00000276beea8eb0 Exception <a 'java/lang/NoSuchMethodError'{0x00000000854ea808}: 'void java.lang.invoke.Invokers$Holder.invokeExact_MT(java.lang.Object, int, java.lang.Object)'> (0x00000000854ea808) 
thrown [s\open\src\hotspot\share\interpreter\linkResolver.cpp, line 805]
Event: 263.381 Thread 0x00000276beea8eb0 Exception <a 'java/lang/NoSuchMethodError'{0x000000008530bbd0}: 'java.lang.Object java.lang.invoke.DirectMethodHandle$Holder.newInvokeSpecial(java.lang.Object, java.lang.Object, int)'> (0x000000008530bbd0) 
thrown [s\open\src\hotspot\share\interpreter\linkResolver.cpp, line 805]
Event: 263.388 Thread 0x00000276beea8eb0 Exception <a 'sun/nio/fs/WindowsException'{0x0000000085353e88}> (0x0000000085353e88) 
thrown [s\open\src\hotspot\share\prims\jni.cpp, line 518]
Event: 263.389 Thread 0x00000276beea8eb0 Exception <a 'sun/nio/fs/WindowsException'{0x0000000085360c48}> (0x0000000085360c48) 
thrown [s\open\src\hotspot\share\prims\jni.cpp, line 518]
Event: 263.392 Thread 0x00000276beea8eb0 Exception <a 'sun/nio/fs/WindowsException'{0x0000000085372950}> (0x0000000085372950) 
thrown [s\open\src\hotspot\share\prims\jni.cpp, line 518]

VM Operations (20 events):
Event: 18.366 Executing VM operation: HandshakeAllThreads (Deoptimize)
Event: 18.366 Executing VM operation: HandshakeAllThreads (Deoptimize) done
Event: 18.399 Executing VM operation: HandshakeAllThreads (Deoptimize)
Event: 18.399 Executing VM operation: HandshakeAllThreads (Deoptimize) done
Event: 60.207 Executing VM operation: HandshakeAllThreads (HandshakeForDeflation)
Event: 60.207 Executing VM operation: HandshakeAllThreads (HandshakeForDeflation) done
Event: 60.207 Executing VM operation: RendezvousGCThreads
Event: 60.207 Executing VM operation: RendezvousGCThreads done
Event: 64.339 Executing VM operation: G1CollectForAllocation (G1 Evacuation Pause)
Event: 64.353 Executing VM operation: G1CollectForAllocation (G1 Evacuation Pause) done
Event: 120.464 Executing VM operation: HandshakeAllThreads (HandshakeForDeflation)
Event: 120.464 Executing VM operation: HandshakeAllThreads (HandshakeForDeflation) done
Event: 120.464 Executing VM operation: RendezvousGCThreads
Event: 120.464 Executing VM operation: RendezvousGCThreads done
Event: 240.780 Executing VM operation: HandshakeAllThreads (HandshakeForDeflation)
Event: 240.780 Executing VM operation: HandshakeAllThreads (HandshakeForDeflation) done
Event: 240.780 Executing VM operation: RendezvousGCThreads
Event: 240.780 Executing VM operation: RendezvousGCThreads done
Event: 263.413 Executing VM operation: JFRSafepointClear
Event: 263.413 Executing VM operation: JFRSafepointClear done

Memory protections (0 events):
No events

Nmethod flushes (20 events):
Event: 13.556 Thread 0x00000276bed48390 flushing  nmethod 0x00000276b74a0b88
Event: 13.556 Thread 0x00000276bed48390 flushing  nmethod 0x00000276b75a6108
Event: 13.556 Thread 0x00000276bed48390 flushing  nmethod 0x00000276b75d0188
Event: 13.556 Thread 0x00000276bed48390 flushing  nmethod 0x00000276b75e0c08
Event: 13.556 Thread 0x00000276bed48390 flushing  nmethod 0x00000276b75e0f08
Event: 13.556 Thread 0x00000276bed48390 flushing  nmethod 0x00000276b75f7288
Event: 13.556 Thread 0x00000276bed48390 flushing  nmethod 0x00000276b75f7888
Event: 13.556 Thread 0x00000276bed48390 flushing  nmethod 0x00000276b7647288
Event: 13.556 Thread 0x00000276bed48390 flushing  nmethod 0x00000276b764a808
Event: 13.556 Thread 0x00000276bed48390 flushing  nmethod 0x00000276b7731808
Event: 13.556 Thread 0x00000276bed48390 flushing  nmethod 0x00000276b778d908
Event: 13.556 Thread 0x00000276bed48390 flushing  nmethod 0x00000276b77b6708
Event: 13.556 Thread 0x00000276bed48390 flushing  nmethod 0x00000276b73ee108
Event: 13.556 Thread 0x00000276bed48390 flushing  nmethod 0x00000276b75d2688
Event: 13.556 Thread 0x00000276bed48390 flushing  nmethod 0x00000276b75edd88
Event: 13.556 Thread 0x00000276bed48390 flushing  nmethod 0x00000276b7607408
Event: 13.556 Thread 0x00000276bed48390 flushing  nmethod 0x00000276b761b008
Event: 13.556 Thread 0x00000276bed48390 flushing  nmethod 0x00000276b7657a88
Event: 13.556 Thread 0x00000276bed48390 flushing  nmethod 0x00000276b77a2908
Event: 13.556 Thread 0x00000276bed48390 flushing  nmethod 0x00000276b77a4008

Events (20 events):
Event: 11.938 Thread 0x0000027705c1ce90 Thread exited: 0x0000027705c1ce90
Event: 12.900 Thread 0x000002770434a2a0 Thread exited: 0x000002770434a2a0
Event: 16.290 Thread 0x0000027705bf0760 Thread added: 0x0000027705c1aa00
Event: 16.292 Thread 0x0000027705c1aa00 Thread exited: 0x0000027705c1aa00
Event: 18.289 Thread 0x0000027705bf0760 Thread added: 0x0000027705c1aa00
Event: 24.678 Thread 0x00000277040b33a0 Thread exited: 0x00000277040b33a0
Event: 28.364 Thread 0x0000027705c1aa00 Thread exited: 0x0000027705c1aa00
Event: 62.002 Thread 0x0000027705bf1600 Thread added: 0x0000027705c1ce90
Event: 62.002 Thread 0x0000027705c1ce90 Thread exited: 0x0000027705c1ce90
Event: 62.914 Thread 0x0000027705bf1600 Thread added: 0x0000027705c1aa00
Event: 72.940 Thread 0x0000027705c1aa00 Thread exited: 0x0000027705c1aa00
Event: 93.523 Thread 0x0000027704e23810 Thread exited: 0x0000027704e23810
Event: 93.523 Thread 0x0000027704e1af90 Thread exited: 0x0000027704e1af90
Event: 93.523 Thread 0x0000027705c1dd30 Thread exited: 0x0000027705c1dd30
Event: 225.083 Thread 0x0000027705c1d5e0 Thread added: 0x0000027705c1ce90
Event: 225.113 Thread 0x0000027705c1ce90 Thread exited: 0x0000027705c1ce90
Event: 225.114 Thread 0x0000027705c1d5e0 Thread added: 0x0000027705c1ce90
Event: 225.136 Thread 0x0000027705c1ce90 Thread exited: 0x0000027705c1ce90
Event: 263.263 Thread 0x00000276beea8eb0 Thread added: 0x0000027705c1dd30
Event: 263.382 Thread 0x00000276beea8eb0 Thread added: 0x0000027705c1ce90


Dynamic libraries:
0x00007ff7a9570000 - 0x00007ff7a957e000 	C:\Users\LENOVO\.jdks\openjdk-24.0.1\bin\java.exe
0x00007ff88e0c0000 - 0x00007ff88e326000 	C:\WINDOWS\SYSTEM32\ntdll.dll
0x00007ff88d150000 - 0x00007ff88d219000 	C:\WINDOWS\System32\KERNEL32.DLL
0x00007ff88b750000 - 0x00007ff88bb1c000 	C:\WINDOWS\System32\KERNELBASE.dll
0x00007ff88b340000 - 0x00007ff88b48b000 	C:\WINDOWS\System32\ucrtbase.dll
0x00007ff87ad40000 - 0x00007ff87ad56000 	C:\Users\LENOVO\.jdks\openjdk-24.0.1\bin\jli.dll
0x00007ff87ae60000 - 0x00007ff87ae7b000 	C:\Users\LENOVO\.jdks\openjdk-24.0.1\bin\VCRUNTIME140.dll
0x00007ff88d820000 - 0x00007ff88d9ea000 	C:\WINDOWS\System32\USER32.dll
0x00007ff875a60000 - 0x00007ff875cfa000 	C:\WINDOWS\WinSxS\amd64_microsoft.windows.common-controls_6595b64144ccf1df_6.0.26100.3912_none_3e07963ce335137e\COMCTL32.dll
0x00007ff88b250000 - 0x00007ff88b277000 	C:\WINDOWS\System32\win32u.dll
0x00007ff88dbc0000 - 0x00007ff88dc69000 	C:\WINDOWS\System32\msvcrt.dll
0x00007ff88d460000 - 0x00007ff88d48b000 	C:\WINDOWS\System32\GDI32.dll
0x00007ff88b490000 - 0x00007ff88b5c2000 	C:\WINDOWS\System32\gdi32full.dll
0x00007ff88bbc0000 - 0x00007ff88bc63000 	C:\WINDOWS\System32\msvcp_win.dll
0x00007ff88cf70000 - 0x00007ff88cfa0000 	C:\WINDOWS\System32\IMM32.DLL
0x00007ff87fe80000 - 0x00007ff87fe8c000 	C:\Users\LENOVO\.jdks\openjdk-24.0.1\bin\vcruntime140_1.dll
0x00007ff8618e0000 - 0x00007ff86196e000 	C:\Users\LENOVO\.jdks\openjdk-24.0.1\bin\msvcp140.dll
0x00007ff83cd10000 - 0x00007ff83dab2000 	C:\Users\LENOVO\.jdks\openjdk-24.0.1\bin\server\jvm.dll
0x00007ff88bee0000 - 0x00007ff88bf92000 	C:\WINDOWS\System32\ADVAPI32.dll
0x00007ff88c6d0000 - 0x00007ff88c776000 	C:\WINDOWS\System32\sechost.dll
0x00007ff88ce50000 - 0x00007ff88cf66000 	C:\WINDOWS\System32\RPCRT4.dll
0x00007ff88c8a0000 - 0x00007ff88c914000 	C:\WINDOWS\System32\WS2_32.dll
0x00007ff88b0c0000 - 0x00007ff88b11e000 	C:\WINDOWS\SYSTEM32\POWRPROF.dll
0x00007ff875fc0000 - 0x00007ff875ff6000 	C:\WINDOWS\SYSTEM32\WINMM.dll
0x00007ff87af70000 - 0x00007ff87af7b000 	C:\WINDOWS\SYSTEM32\VERSION.dll
0x00007ff88b0a0000 - 0x00007ff88b0b4000 	C:\WINDOWS\SYSTEM32\UMPDC.dll
0x00007ff88a010000 - 0x00007ff88a02a000 	C:\WINDOWS\SYSTEM32\kernel.appcore.dll
0x00007ff87f0d0000 - 0x00007ff87f0da000 	C:\Users\LENOVO\.jdks\openjdk-24.0.1\bin\jimage.dll
0x00007ff888bc0000 - 0x00007ff888e01000 	C:\WINDOWS\SYSTEM32\DBGHELP.DLL
0x00007ff88dc70000 - 0x00007ff88dff4000 	C:\WINDOWS\System32\combase.dll
0x00007ff88d9f0000 - 0x00007ff88dad0000 	C:\WINDOWS\System32\OLEAUT32.dll
0x00007ff875ee0000 - 0x00007ff875f19000 	C:\WINDOWS\SYSTEM32\dbgcore.DLL
0x00007ff88bb20000 - 0x00007ff88bbb9000 	C:\WINDOWS\System32\bcryptPrimitives.dll
0x00007ff87bff0000 - 0x00007ff87bfff000 	C:\Users\LENOVO\.jdks\openjdk-24.0.1\bin\instrument.dll
0x00007ff879540000 - 0x00007ff87955e000 	C:\Users\LENOVO\.jdks\openjdk-24.0.1\bin\java.dll
0x00007ff88d2b0000 - 0x00007ff88d44f000 	C:\WINDOWS\System32\ole32.dll
0x00007ff88bfa0000 - 0x00007ff88c6cd000 	C:\WINDOWS\System32\SHELL32.dll
0x00007ff88b5d0000 - 0x00007ff88b744000 	C:\WINDOWS\System32\wintypes.dll
0x00007ff888f00000 - 0x00007ff889756000 	C:\WINDOWS\SYSTEM32\windows.storage.dll
0x00007ff88d490000 - 0x00007ff88d57f000 	C:\WINDOWS\System32\SHCORE.dll
0x00007ff88e010000 - 0x00007ff88e079000 	C:\WINDOWS\System32\shlwapi.dll
0x00007ff88b160000 - 0x00007ff88b18f000 	C:\WINDOWS\SYSTEM32\profapi.dll
0x00007ff879520000 - 0x00007ff879537000 	C:\Users\LENOVO\.jdks\openjdk-24.0.1\bin\zip.dll
0x00007ff87ae50000 - 0x00007ff87ae60000 	C:\Users\LENOVO\.jdks\openjdk-24.0.1\bin\net.dll
0x00007ff88a580000 - 0x00007ff88a5ea000 	C:\WINDOWS\system32\mswsock.dll
0x00007ff878db0000 - 0x00007ff878dc6000 	C:\Users\LENOVO\.jdks\openjdk-24.0.1\bin\nio.dll
0x00007ff878d90000 - 0x00007ff878d99000 	C:\Users\LENOVO\.jdks\openjdk-24.0.1\bin\extnet.dll
0x00007ff889a90000 - 0x00007ff889bb7000 	C:\WINDOWS\SYSTEM32\DNSAPI.dll
0x00007ff889a50000 - 0x00007ff889a83000 	C:\WINDOWS\SYSTEM32\IPHLPAPI.DLL
0x00007ff88c790000 - 0x00007ff88c79a000 	C:\WINDOWS\System32\NSI.dll
0x00007ff87b240000 - 0x00007ff87b24b000 	C:\Windows\System32\rasadhlp.dll
0x00007ff87a490000 - 0x00007ff87a516000 	C:\WINDOWS\System32\fwpuclnt.dll
0x00007ff878d80000 - 0x00007ff878d8a000 	C:\Users\LENOVO\.jdks\openjdk-24.0.1\bin\management.dll
0x00007ff878d70000 - 0x00007ff878d7b000 	C:\Users\LENOVO\.jdks\openjdk-24.0.1\bin\management_ext.dll
0x00007ff88dae0000 - 0x00007ff88dae8000 	C:\WINDOWS\System32\PSAPI.DLL
0x00007ff88a820000 - 0x00007ff88a83c000 	C:\WINDOWS\SYSTEM32\CRYPTSP.dll
0x00007ff889f70000 - 0x00007ff889faa000 	C:\WINDOWS\system32\rsaenh.dll
0x00007ff88a620000 - 0x00007ff88a64b000 	C:\WINDOWS\SYSTEM32\USERENV.dll
0x00007ff88b130000 - 0x00007ff88b156000 	C:\WINDOWS\SYSTEM32\bcrypt.dll
0x00007ff88a840000 - 0x00007ff88a84c000 	C:\WINDOWS\SYSTEM32\CRYPTBASE.dll
0x00007ff87a210000 - 0x00007ff87a228000 	C:\WINDOWS\system32\napinsp.dll
0x00007ff867970000 - 0x00007ff867982000 	C:\WINDOWS\System32\winrnr.dll
0x00007ff85d700000 - 0x00007ff85d730000 	C:\WINDOWS\system32\nlansp_c.dll
0x00007ff87b660000 - 0x00007ff87b680000 	C:\WINDOWS\system32\wshbth.dll
0x00007ff872810000 - 0x00007ff87285e000 	C:\WINDOWS\SYSTEM32\pdh.dll
0x00007ff878c90000 - 0x00007ff878c9e000 	C:\Users\LENOVO\.jdks\openjdk-24.0.1\bin\sunmscapi.dll
0x00007ff88bd00000 - 0x00007ff88be77000 	C:\WINDOWS\System32\CRYPT32.dll
0x00007ff88aa30000 - 0x00007ff88aa60000 	C:\WINDOWS\SYSTEM32\ncrypt.dll
0x00007ff88a9e0000 - 0x00007ff88aa1f000 	C:\WINDOWS\SYSTEM32\NTASN1.dll
0x00007ff887550000 - 0x00007ff887562000 	C:\WINDOWS\System32\perfproc.dll
0x00007ff87ac90000 - 0x00007ff87ac98000 	C:\WINDOWS\system32\wshunix.dll
0x00007ff846c50000 - 0x00007ff846e48000 	C:\Users\LENOVO\AppData\Local\Temp\idea_libasyncProfiler_dll_temp_folder\libasyncProfiler.dll

JVMTI agents:
C:\Program Files\JetBrains\IntelliJ IDEA 2025.1.2\lib\idea_rt.jar path:C:\Users\LENOVO\.jdks\openjdk-24.0.1\bin\instrument.dll, loaded, initialized, instrumentlib options:63409

dbghelp: loaded successfully - version: 4.0.5 - missing functions: none
symbol engine: initialized successfully - sym options: 0x614 - pdb path: .;C:\Users\LENOVO\.jdks\openjdk-24.0.1\bin;C:\WINDOWS\SYSTEM32;C:\WINDOWS\WinSxS\amd64_microsoft.windows.common-controls_6595b64144ccf1df_6.0.26100.3912_none_3e07963ce335137e;C:\Users\LENOVO\.jdks\openjdk-24.0.1\bin\server;C:\Users\LENOVO\AppData\Local\Temp\idea_libasyncProfiler_dll_temp_folder

VM Arguments:
jvm_args: -XX:TieredStopAtLevel=1 -Dspring.output.ansi.enabled=always -Dcom.sun.management.jmxremote -Dspring.jmx.enabled=true -Dspring.liveBeansView.mbeanDomain -Dspring.application.admin.enabled=true -Dmanagement.endpoints.jmx.exposure.include=* -javaagent:C:\Program Files\JetBrains\IntelliJ IDEA 2025.1.2\lib\idea_rt.jar=63409 -Dfile.encoding=UTF-8 -Dsun.stdout.encoding=UTF-8 -Dsun.stderr.encoding=UTF-8 
java_command: com.example.productService.ProductServiceApplication
java_class_path (initial): C:\Users\LENOVO\git\productService\target\classes;C:\Users\LENOVO\.m2\repository\org\springframework\boot\spring-boot-starter-web\3.5.3\spring-boot-starter-web-3.5.3.jar;C:\Users\LENOVO\.m2\repository\org\springframework\boot\spring-boot-starter\3.5.3\spring-boot-starter-3.5.3.jar;C:\Users\LENOVO\.m2\repository\org\springframework\boot\spring-boot-starter-logging\3.5.3\spring-boot-starter-logging-3.5.3.jar;C:\Users\LENOVO\.m2\repository\ch\qos\logback\logback-classic\1.5.18\logback-classic-1.5.18.jar;C:\Users\LENOVO\.m2\repository\ch\qos\logback\logback-core\1.5.18\logback-core-1.5.18.jar;C:\Users\LENOVO\.m2\repository\org\apache\logging\log4j\log4j-to-slf4j\2.24.3\log4j-to-slf4j-2.24.3.jar;C:\Users\LENOVO\.m2\repository\org\apache\logging\log4j\log4j-api\2.24.3\log4j-api-2.24.3.jar;C:\Users\LENOVO\.m2\repository\org\slf4j\jul-to-slf4j\2.0.17\jul-to-slf4j-2.0.17.jar;C:\Users\LENOVO\.m2\repository\jakarta\annotation\jakarta.annotation-api\2.1.1\jakarta.annotation-api-2.1.1.jar;C:\Users\LENOVO\.m2\repository\org\yaml\snakeyaml\2.4\snakeyaml-2.4.jar;C:\Users\LENOVO\.m2\repository\org\springframework\boot\spring-boot-starter-json\3.5.3\spring-boot-starter-json-3.5.3.jar;C:\Users\LENOVO\.m2\repository\com\fasterxml\jackson\core\jackson-databind\2.19.1\jackson-databind-2.19.1.jar;C:\Users\LENOVO\.m2\repository\com\fasterxml\jackson\core\jackson-annotations\2.19.1\jackson-annotations-2.19.1.jar;C:\Users\LENOVO\.m2\repository\com\fasterxml\jackson\core\jackson-core\2.19.1\jackson-core-2.19.1.jar;C:\Users\LENOVO\.m2\repository\com\fasterxml\jackson\datatype\jackson-datatype-jdk8\2.19.1\jackson-datatype-jdk8-2.19.1.jar;C:\Users\LENOVO\.m2\repository\com\fasterxml\jackson\datatype\jackson-datatype-jsr310\2.19.1\jackson-datatype-jsr310-2.19.1.jar;C:\Users\LENOVO\.m2\repository\com\fasterxml\jackson\module\jackson-module-parameter-names\2.19.1\jackson-module-parameter-names-2.19.1.jar;C:\Users\LENOVO\.m2\repository\org\springframework\boot\spring-boot-starter-tomcat\3.5.3\spring-boot-starter-tomcat-3.5.3.jar;C:\Users\LENOVO\.m2\repository\org\apache\tomcat\embed\tomcat-embed-core\10.1.42\tomcat-embed-core-10.1.42.jar;C:\Users\LENOVO\.m2\repository\org\apache\tomcat\embed\tomcat-embed-el\10.1.42\tomcat-embed-el-10.1.42.jar;C:\Users\LENOVO\.m2\repository\org\apache\tomcat\embed\tomcat-embed-websocket\10.1.42\tomcat-embed-websocket-10.1.42.jar;C:\Users\LENOVO\.m2\repository\org\springframework\spring-web\6.2.8\spring-web-6.2.8.jar;C:\Users\LENOVO\.m2\repository\org\springframework\spring-beans\6.2.8\spring-beans-6.2.8.jar;C:\Users\LENOVO\.m2\repository\org\springframework\spring-webmvc\6.2.8\spring-webmvc-6.2.8.jar;C:\Users\LENOVO\.m2\repository\org\springframework\spring-aop\6.2.8\spring-aop-6.2.8.jar;C:\Users\LENOVO\.m2\repository\org\springframework\spring-context\6.2.8\spring-context-6.2.8.jar;C:\Users\LENOVO\.m2\repository\org\springframework\spring-expression\6.2.8\spring-expression-6.2.8.jar;C:\Users\LENOVO\.m2\repository\org\springframework\boot\spring-boot-devtools\3.5.3\spring-boot-devtools-3.5.3.jar;C:\Users\LENOVO\.m2\repository\org\springframework\boot\spring-boot\3.5.3\spring-boot-3.5.3.jar;C:\Users\LENOVO\.m2\repository\org\springframework\boot\spring-boot-autoconfigure\3.5.3\spring-boot-autoconfigure-3.5.3.jar;C:\Users\LENOVO\.m2\repository\org\springframework\boot\spring-boot-configuration-processor\3.5.3\spring-boot-configuration-processor-3.5.3.jar;C:\Users\LENOVO\.m2\repository\org\projectlombok\lombok\1.18.38\lombok-1.18.38.jar;C:\Users\LENOVO\.m2\repository\org\slf4j\slf4j-api\2.0.17\slf4j-api-2.0.17.jar;C:\Users\LENOVO\.m2\repository\org\springframework\spring-core\6.2.8\spring-core-6.2.8.jar;C:\Users\LENOVO\.m2\repository\org\springframework\spring-jcl\6.2.8\spring-jcl-6.2.8.jar;C:\Users\LENOVO\.m2\repository\org\springframework\boot\spring-boot-starter-actuator\3.5.3\spring-boot-starter-actuator-3.5.3.jar;C:\Users\LENOVO\.m2\repository\org\springframework\boot\spring-boot-actuator-autoconfigure\3.5.3\spring-boot-actuator-autoconfigure-3.5.3.jar;C:\Users\LENOVO\.m2\repository\org\springframework\boot\spring-boot-actuator\3.5.3\spring-boot-actuator-3.5.3.jar;C:\Users\LENOVO\.m2\repository\io\micrometer\micrometer-observation\1.15.1\micrometer-observation-1.15.1.jar;C:\Users\LENOVO\.m2\repository\io\micrometer\micrometer-commons\1.15.1\micrometer-commons-1.15.1.jar;C:\Users\LENOVO\.m2\repository\io\micrometer\micrometer-jakarta9\1.15.1\micrometer-jakarta9-1.15.1.jar;C:\Users\LENOVO\.m2\repository\io\micrometer\micrometer-core\1.15.1\micrometer-core-1.15.1.jar;C:\Users\LENOVO\.m2\repository\org\hdrhistogram\HdrHistogram\2.2.2\HdrHistogram-2.2.2.jar;C:\Users\LENOVO\.m2\repository\org\latencyutils\LatencyUtils\2.0.3\LatencyUtils-2.0.3.jar
Launcher Type: SUN_STANDARD

[Global flags]
     intx CICompilerCount                          = 3                                         {product} {ergonomic}
     uint ConcGCThreads                            = 1                                         {product} {ergonomic}
     bool FlightRecorder                           = true                                      {product} {management}
     uint G1ConcRefinementThreads                  = 4                                         {product} {ergonomic}
   size_t G1HeapRegionSize                         = 1048576                                   {product} {ergonomic}
   size_t InitialHeapSize                          = 132120576                                 {product} {ergonomic}
     bool ManagementServer                         = true                                      {product} {command line}
   size_t MarkStackSize                            = 4194304                                   {product} {ergonomic}
   size_t MarkStackSizeMax                         = 536870912                                 {product} {ergonomic}
   size_t MaxHeapSize                              = 2095054848                                {product} {ergonomic}
   size_t MaxNewSize                               = 1256194048                                {product} {ergonomic}
   size_t MinHeapDeltaBytes                        = 1048576                                   {product} {ergonomic}
   size_t MinHeapSize                              = 8388608                                   {product} {ergonomic}
    uintx NonNMethodCodeHeapSize                   = 4096                                   {pd product} {ergonomic}
    uintx NonProfiledCodeHeapSize                  = 0                                      {pd product} {ergonomic}
     bool ProfileInterpreter                       = false                                  {pd product} {command line}
    uintx ProfiledCodeHeapSize                     = 0                                      {pd product} {ergonomic}
   size_t SoftMaxHeapSize                          = 2095054848                             {manageable} {ergonomic}
     intx TieredStopAtLevel                        = 1                                         {product} {command line}
     bool UseCompressedOops                        = true                           {product lp64_product} {ergonomic}
     bool UseG1GC                                  = true                                      {product} {ergonomic}
     bool UseLargePagesIndividualAllocation        = false                                  {pd product} {ergonomic}

Logging:
Log output configuration:
 #0: stdout all=warning uptime,level,tags foldmultilines=false
 #1: stderr all=off uptime,level,tags foldmultilines=false

Environment Variables:
PATH=C:\WINDOWS\system32;C:\WINDOWS;C:\WINDOWS\System32\Wbem;C:\WINDOWS\System32\WindowsPowerShell\v1.0\;C:\WINDOWS\System32\OpenSSH\;C:\Program Files\Git\cmd;C:\Users\LENOVO\AppData\Local\Microsoft\WindowsApps;C:\Users\LENOVO\AppData\Local\Programs\Microsoft VS Code\bin;
USERNAME=LENOVO
OS=Windows_NT
PROCESSOR_IDENTIFIER=Intel64 Family 6 Model 126 Stepping 5, GenuineIntel
TMP=C:\Users\LENOVO\AppData\Local\Temp
TEMP=C:\Users\LENOVO\AppData\Local\Temp




Periodic native trim disabled

---------------  S Y S T E M  ---------------

OS:
 Windows 11 , 64 bit Build 26100 (10.0.26100.3912)
OS uptime: 27 days 2:03 hours

CPU: total 4 (initial active 4) (2 cores per cpu, 2 threads per core) family 6 model 126 stepping 5 microcode 0xa6, cx8, cmov, fxsr, ht, mmx, 3dnowpref, sse, sse2, sse3, ssse3, sse4.1, sse4.2, popcnt, lzcnt, tsc, tscinvbit, avx, avx2, aes, erms, clmul, bmi1, bmi2, adx, avx512f, avx512dq, avx512cd, avx512bw, avx512vl, sha, fma, vzeroupper, avx512_vpopcntdq, avx512_vpclmulqdq, avx512_vaes, avx512_vnni, clflush, clflushopt, avx512_vbmi2, avx512_vbmi, rdtscp, rdpid, fsrm, gfni, avx512_bitalg, f16c, pku, avx512_ifma
Processor Information for the first 4 processors :
  Max Mhz: 1190, Current Mhz: 1190, Mhz Limit: 1190

Memory: 4k page, system-wide physical 7987M (1094M free)
TotalPageFile size 19596M (AvailPageFile size 3889M)
current process WorkingSet (physical memory assigned to process): 136M, peak: 164M
current process commit charge ("private bytes"): 227M, peak: 245M

vm_info: OpenJDK 64-Bit Server VM (24.0.1+9-30) for windows-amd64 JRE (24.0.1+9-30), built on 2025-03-05T07:23:45Z with MS VC++ 17.6 (VS2022)

END.
